[2017-06-13 01:22:53] [info] Start Program:
Path:"./Debug/Project_16_DSA_Bag_HashTable.exe"
Arguments:
Working directory: not set.
Modules: Selected: * Excluded: 
Sources: Selected: Project_16_DSA_Bag_HashTable Excluded: 
Log Level: Normal
Cover Children: 0
Aggregate by file: 1
Continue after C++ exception: 0
Optimized build support: 0
Export: Html 
Input coverage: 
Unified diff: 
Excluded line regular expressions: 

[2017-06-13 01:22:53] [info] Module: C:\Users\Corina\Desktop\Project_16_DSA_Bag_HashTable\Debug\Project_16_DSA_Bag_HashTable.exe is selected because it matches selected pattern: *
[2017-06-13 01:22:53] [info] Module: C:\Windows\System32\ntdll.dll is selected because it matches selected pattern: *
[2017-06-13 01:22:53] [warning] Cannot find pdb for C:\Windows\System32\ntdll.dll
[2017-06-13 01:22:53] [info] Module: C:\Windows\SysWOW64\ntdll.dll is selected because it matches selected pattern: *
[2017-06-13 01:22:53] [warning] Cannot find pdb for C:\Windows\SysWOW64\ntdll.dll
[2017-06-13 01:22:53] [info] Module: C:\Windows\System32\wow64.dll is selected because it matches selected pattern: *
[2017-06-13 01:22:53] [warning] Cannot find pdb for C:\Windows\System32\wow64.dll
[2017-06-13 01:22:53] [info] Module: C:\Windows\System32\wow64win.dll is selected because it matches selected pattern: *
[2017-06-13 01:22:53] [warning] Cannot find pdb for C:\Windows\System32\wow64win.dll
[2017-06-13 01:22:53] [info] Module: C:\Windows\System32\kernel32.dll is selected because it matches selected pattern: *
[2017-06-13 01:22:53] [warning] Cannot find pdb for C:\Windows\System32\kernel32.dll
[2017-06-13 01:22:53] [info] Module: C:\Windows\SysWOW64\kernel32.dll is selected because it matches selected pattern: *
[2017-06-13 01:22:53] [warning] Cannot find pdb for C:\Windows\SysWOW64\kernel32.dll
[2017-06-13 01:22:53] [info] Module: C:\Windows\System32\kernel32.dll is selected because it matches selected pattern: *
[2017-06-13 01:22:53] [warning] Cannot find pdb for C:\Windows\System32\kernel32.dll
[2017-06-13 01:22:53] [info] Module: C:\Windows\System32\user32.dll is selected because it matches selected pattern: *
[2017-06-13 01:22:53] [warning] Cannot find pdb for C:\Windows\System32\user32.dll
[2017-06-13 01:22:53] [info] Module: C:\Windows\System32\wow64cpu.dll is selected because it matches selected pattern: *
[2017-06-13 01:22:53] [warning] Cannot find pdb for C:\Windows\System32\wow64cpu.dll
[2017-06-13 01:22:53] [info] Module: C:\Windows\SysWOW64\kernel32.dll is selected because it matches selected pattern: *
[2017-06-13 01:22:53] [warning] Cannot find pdb for C:\Windows\SysWOW64\kernel32.dll
[2017-06-13 01:22:53] [info] Module: C:\Windows\SysWOW64\KernelBase.dll is selected because it matches selected pattern: *
[2017-06-13 01:22:53] [warning] Cannot find pdb for C:\Windows\SysWOW64\KernelBase.dll
[2017-06-13 01:22:53] [info] Module: C:\Windows\SysWOW64\vcruntime140d.dll is selected because it matches selected pattern: *
[2017-06-13 01:22:53] [warning] Cannot find pdb for C:\Windows\SysWOW64\vcruntime140d.dll
[2017-06-13 01:22:53] [info] Module: C:\Windows\SysWOW64\msvcp140d.dll is selected because it matches selected pattern: *
[2017-06-13 01:22:53] [warning] Cannot find pdb for C:\Windows\SysWOW64\msvcp140d.dll
[2017-06-13 01:22:53] [info] Module: C:\Windows\SysWOW64\ucrtbased.dll is selected because it matches selected pattern: *
[2017-06-13 01:22:53] [warning] Cannot find pdb for C:\Windows\SysWOW64\ucrtbased.dll
[2017-06-13 01:22:53] [info] Module: C:\Windows\SysWOW64\kernel.appcore.dll is selected because it matches selected pattern: *
[2017-06-13 01:22:53] [warning] Cannot find pdb for C:\Windows\SysWOW64\kernel.appcore.dll
[2017-06-13 01:22:53] [info] Module: C:\Windows\SysWOW64\msvcrt.dll is selected because it matches selected pattern: *
[2017-06-13 01:22:53] [warning] Cannot find pdb for C:\Windows\SysWOW64\msvcrt.dll
[2017-06-13 01:22:53] [info] Module: C:\Windows\SysWOW64\rpcrt4.dll is selected because it matches selected pattern: *
[2017-06-13 01:22:53] [warning] Cannot find pdb for C:\Windows\SysWOW64\rpcrt4.dll
[2017-06-13 01:22:53] [info] Module: C:\Windows\SysWOW64\sspicli.dll is selected because it matches selected pattern: *
[2017-06-13 01:22:53] [warning] Cannot find pdb for C:\Windows\SysWOW64\sspicli.dll
[2017-06-13 01:22:53] [info] Module: C:\Windows\SysWOW64\cryptbase.dll is selected because it matches selected pattern: *
[2017-06-13 01:22:54] [warning] Cannot find pdb for C:\Windows\SysWOW64\cryptbase.dll
[2017-06-13 01:22:54] [info] Module: C:\Windows\SysWOW64\bcryptprimitives.dll is selected because it matches selected pattern: *
[2017-06-13 01:22:54] [warning] Cannot find pdb for C:\Windows\SysWOW64\bcryptprimitives.dll
[2017-06-13 01:22:54] [info] Module: C:\Windows\SysWOW64\sechost.dll is selected because it matches selected pattern: *
[2017-06-13 01:22:54] [warning] Cannot find pdb for C:\Windows\SysWOW64\sechost.dll
[2017-06-13 01:22:54] [info] ----------------------------------------------------
[2017-06-13 01:22:54] [info] Coverage generated in Folder C:\Users\Corina\Desktop\Project_16_DSA_Bag_HashTable\CoverageReport-2017-06-13-01h22m54s
[2017-06-13 01:22:54] [info] ----------------------------------------------------
