[2017-05-19 17:47:07] [info] Start Program:
Path:"./Debug/Lab8-9-10-11.exe"
Arguments:
Working directory: not set.
Modules: Selected: * Excluded: 
Sources: Selected: Lab8-9-10-11 Excluded: 
Log Level: Normal
Cover Children: 0
Aggregate by file: 1
Continue after C++ exception: 0
Optimized build support: 0
Export: Html 
Input coverage: 
Unified diff: 
Excluded line regular expressions: 

[2017-05-19 17:47:07] [info] Module: F:\Faculta\Semestrul2\OOP\Laburi\Lab8-9-10-11\Debug\Lab8-9-10-11.exe is selected because it matches selected pattern: *
[2017-05-19 17:47:07] [info] Module: C:\Windows\System32\ntdll.dll is selected because it matches selected pattern: *
[2017-05-19 17:47:07] [warning] Cannot find pdb for C:\Windows\System32\ntdll.dll
[2017-05-19 17:47:07] [info] Module: C:\Windows\SysWOW64\ntdll.dll is selected because it matches selected pattern: *
[2017-05-19 17:47:07] [warning] Cannot find pdb for C:\Windows\SysWOW64\ntdll.dll
[2017-05-19 17:47:07] [info] Module: C:\Windows\System32\wow64.dll is selected because it matches selected pattern: *
[2017-05-19 17:47:07] [warning] Cannot find pdb for C:\Windows\System32\wow64.dll
[2017-05-19 17:47:07] [info] Module: C:\Windows\System32\wow64win.dll is selected because it matches selected pattern: *
[2017-05-19 17:47:08] [warning] Cannot find pdb for C:\Windows\System32\wow64win.dll
[2017-05-19 17:47:08] [info] Module: C:\Windows\System32\kernel32.dll is selected because it matches selected pattern: *
[2017-05-19 17:47:08] [warning] Cannot find pdb for C:\Windows\System32\kernel32.dll
[2017-05-19 17:47:08] [info] Module: C:\Windows\SysWOW64\kernel32.dll is selected because it matches selected pattern: *
[2017-05-19 17:47:08] [warning] Cannot find pdb for C:\Windows\SysWOW64\kernel32.dll
[2017-05-19 17:47:08] [info] Module: C:\Windows\System32\kernel32.dll is selected because it matches selected pattern: *
[2017-05-19 17:47:08] [warning] Cannot find pdb for C:\Windows\System32\kernel32.dll
[2017-05-19 17:47:08] [info] Module: C:\Windows\System32\user32.dll is selected because it matches selected pattern: *
[2017-05-19 17:47:08] [warning] Cannot find pdb for C:\Windows\System32\user32.dll
[2017-05-19 17:47:08] [info] Module: C:\Windows\System32\wow64cpu.dll is selected because it matches selected pattern: *
[2017-05-19 17:47:08] [warning] Cannot find pdb for C:\Windows\System32\wow64cpu.dll
[2017-05-19 17:47:08] [info] Module: C:\Windows\SysWOW64\kernel32.dll is selected because it matches selected pattern: *
[2017-05-19 17:47:08] [warning] Cannot find pdb for C:\Windows\SysWOW64\kernel32.dll
[2017-05-19 17:47:08] [info] Module: C:\Windows\SysWOW64\KernelBase.dll is selected because it matches selected pattern: *
[2017-05-19 17:47:08] [warning] Cannot find pdb for C:\Windows\SysWOW64\KernelBase.dll
[2017-05-19 17:47:08] [info] Module: C:\Windows\SysWOW64\shell32.dll is selected because it matches selected pattern: *
[2017-05-19 17:47:08] [warning] Cannot find pdb for C:\Windows\SysWOW64\shell32.dll
[2017-05-19 17:47:08] [info] Module: C:\Windows\SysWOW64\msvcrt.dll is selected because it matches selected pattern: *
[2017-05-19 17:47:08] [warning] Cannot find pdb for C:\Windows\SysWOW64\msvcrt.dll
[2017-05-19 17:47:08] [info] Module: C:\Windows\SysWOW64\cfgmgr32.dll is selected because it matches selected pattern: *
[2017-05-19 17:47:08] [warning] Cannot find pdb for C:\Windows\SysWOW64\cfgmgr32.dll
[2017-05-19 17:47:08] [info] Module: C:\Windows\SysWOW64\ucrtbase.dll is selected because it matches selected pattern: *
[2017-05-19 17:47:08] [warning] Cannot find pdb for C:\Windows\SysWOW64\ucrtbase.dll
[2017-05-19 17:47:08] [info] Module: C:\Windows\SysWOW64\SHCore.dll is selected because it matches selected pattern: *
[2017-05-19 17:47:08] [warning] Cannot find pdb for C:\Windows\SysWOW64\SHCore.dll
[2017-05-19 17:47:08] [info] Module: C:\Windows\SysWOW64\rpcrt4.dll is selected because it matches selected pattern: *
[2017-05-19 17:47:08] [warning] Cannot find pdb for C:\Windows\SysWOW64\rpcrt4.dll
[2017-05-19 17:47:08] [info] Module: C:\Windows\SysWOW64\sspicli.dll is selected because it matches selected pattern: *
[2017-05-19 17:47:08] [warning] Cannot find pdb for C:\Windows\SysWOW64\sspicli.dll
[2017-05-19 17:47:08] [info] Module: C:\Windows\SysWOW64\cryptbase.dll is selected because it matches selected pattern: *
[2017-05-19 17:47:08] [warning] Cannot find pdb for C:\Windows\SysWOW64\cryptbase.dll
[2017-05-19 17:47:08] [info] Module: C:\Windows\SysWOW64\bcryptprimitives.dll is selected because it matches selected pattern: *
[2017-05-19 17:47:08] [warning] Cannot find pdb for C:\Windows\SysWOW64\bcryptprimitives.dll
[2017-05-19 17:47:08] [info] Module: C:\Windows\SysWOW64\sechost.dll is selected because it matches selected pattern: *
[2017-05-19 17:47:08] [warning] Cannot find pdb for C:\Windows\SysWOW64\sechost.dll
[2017-05-19 17:47:08] [info] Module: C:\Windows\SysWOW64\combase.dll is selected because it matches selected pattern: *
[2017-05-19 17:47:08] [warning] Cannot find pdb for C:\Windows\SysWOW64\combase.dll
[2017-05-19 17:47:08] [info] Module: C:\Windows\SysWOW64\windows.storage.dll is selected because it matches selected pattern: *
[2017-05-19 17:47:08] [warning] Cannot find pdb for C:\Windows\SysWOW64\windows.storage.dll
[2017-05-19 17:47:08] [info] Module: C:\Windows\SysWOW64\advapi32.dll is selected because it matches selected pattern: *
[2017-05-19 17:47:08] [warning] Cannot find pdb for C:\Windows\SysWOW64\advapi32.dll
[2017-05-19 17:47:08] [info] Module: C:\Windows\SysWOW64\shlwapi.dll is selected because it matches selected pattern: *
[2017-05-19 17:47:08] [warning] Cannot find pdb for C:\Windows\SysWOW64\shlwapi.dll
[2017-05-19 17:47:08] [info] Module: C:\Windows\SysWOW64\gdi32.dll is selected because it matches selected pattern: *
[2017-05-19 17:47:08] [warning] Cannot find pdb for C:\Windows\SysWOW64\gdi32.dll
[2017-05-19 17:47:08] [info] Module: C:\Windows\SysWOW64\gdi32full.dll is selected because it matches selected pattern: *
[2017-05-19 17:47:08] [warning] Cannot find pdb for C:\Windows\SysWOW64\gdi32full.dll
[2017-05-19 17:47:08] [info] Module: C:\Windows\SysWOW64\msvcp_win.dll is selected because it matches selected pattern: *
[2017-05-19 17:47:08] [warning] Cannot find pdb for C:\Windows\SysWOW64\msvcp_win.dll
[2017-05-19 17:47:08] [info] Module: C:\Windows\SysWOW64\user32.dll is selected because it matches selected pattern: *
[2017-05-19 17:47:08] [warning] Cannot find pdb for C:\Windows\SysWOW64\user32.dll
[2017-05-19 17:47:08] [info] Module: C:\Windows\SysWOW64\win32u.dll is selected because it matches selected pattern: *
[2017-05-19 17:47:08] [warning] Cannot find pdb for C:\Windows\SysWOW64\win32u.dll
[2017-05-19 17:47:08] [info] Module: C:\Windows\SysWOW64\kernel.appcore.dll is selected because it matches selected pattern: *
[2017-05-19 17:47:08] [warning] Cannot find pdb for C:\Windows\SysWOW64\kernel.appcore.dll
[2017-05-19 17:47:08] [info] Module: C:\Windows\SysWOW64\powrprof.dll is selected because it matches selected pattern: *
[2017-05-19 17:47:08] [warning] Cannot find pdb for C:\Windows\SysWOW64\powrprof.dll
[2017-05-19 17:47:08] [info] Module: C:\Windows\SysWOW64\profapi.dll is selected because it matches selected pattern: *
[2017-05-19 17:47:08] [warning] Cannot find pdb for C:\Windows\SysWOW64\profapi.dll
[2017-05-19 17:47:08] [info] Module: C:\Windows\SysWOW64\msvcp140d.dll is selected because it matches selected pattern: *
[2017-05-19 17:47:08] [warning] Cannot find pdb for C:\Windows\SysWOW64\msvcp140d.dll
[2017-05-19 17:47:08] [info] Module: C:\Windows\SysWOW64\vcruntime140d.dll is selected because it matches selected pattern: *
[2017-05-19 17:47:08] [warning] Cannot find pdb for C:\Windows\SysWOW64\vcruntime140d.dll
[2017-05-19 17:47:08] [info] Module: C:\Windows\SysWOW64\ucrtbased.dll is selected because it matches selected pattern: *
[2017-05-19 17:47:08] [warning] Cannot find pdb for C:\Windows\SysWOW64\ucrtbased.dll
[2017-05-19 17:47:08] [info] Module: C:\Windows\SysWOW64\ucrtbased.dll is selected because it matches selected pattern: *
[2017-05-19 17:47:08] [warning] Cannot find pdb for C:\Windows\SysWOW64\ucrtbased.dll
[2017-05-19 17:47:08] [info] Module: C:\Windows\SysWOW64\ucrtbased.dll is selected because it matches selected pattern: *
[2017-05-19 17:47:08] [warning] Cannot find pdb for C:\Windows\SysWOW64\ucrtbased.dll
[2017-05-19 17:47:08] [info] Module: C:\Windows\SysWOW64\imm32.dll is selected because it matches selected pattern: *
[2017-05-19 17:47:08] [warning] Cannot find pdb for C:\Windows\SysWOW64\imm32.dll
[2017-05-19 17:47:11] [info] ----------------------------------------------------
[2017-05-19 17:47:11] [info] Coverage generated in Folder F:\Faculta\Semestrul2\OOP\Laburi\Lab8-9-10-11\CoverageReport-2017-05-19-17h47m10s
[2017-05-19 17:47:11] [info] ----------------------------------------------------
